[0m[[0m[0mdebug[0m] [0m[0m> Exec(;Test/compile; collectAnalyses, None, Some(CommandSource(network-1)))[0m
[0m[[0m[0mdebug[0m] [0m[0munmatched Processing event for requestId None: None[0m
[0m[[0m[0mdebug[0m] [0m[0munmatched Done event for requestId None: None[0m
[0m[[0m[0mdebug[0m] [0m[0m> Exec(Test/compile, None, Some(CommandSource(network-1)))[0m
[0m[[0m[0mdebug[0m] [0m[0munmatched Processing event for requestId None: None[0m
[0m[[0m[0mdebug[0m] [0m[0mEvaluating tasks: Test / compile[0m
[0m[[0m[0mdebug[0m] [0m[0mRunning task... Cancel: Signal, check cycles: false, forcegc: true[0m
[0m[[0m[0mdebug[0m] [0m[0mjsonRpcNotify: JsonRpcNotificationMessage(2.0, build/taskStart, {"taskId":{"id":"33","parents":[]},"eventTime":1705699339502,"message":"Compiling wavesettransformer-fortrevorwishart","dataKind":"compile-task","data":{"target":{"uri":"file:/Users/bkudler/code-projects/waveset-holder/WavesetTransformer-ForTrevorWishart/#wavesettransformer-fortrevorwishart/Compile"}}})[0m
[0m[[0m[0mdebug[0m] [0m[0mjsonRpcNotify: JsonRpcNotificationMessage(2.0, build/taskFinish, {"taskId":{"id":"33","parents":[]},"eventTime":1705699339509,"message":"Compiled wavesettransformer-fortrevorwishart","status":1,"dataKind":"compile-report","data":{"target":{"uri":"file:/Users/bkudler/code-projects/waveset-holder/WavesetTransformer-ForTrevorWishart/#wavesettransformer-fortrevorwishart/Compile"},"errors":0,"warnings":0,"time":7}})[0m
[0m[[0m[0mdebug[0m] [0m[0mjsonRpcNotify: JsonRpcNotificationMessage(2.0, build/taskStart, {"taskId":{"id":"34","parents":[]},"eventTime":1705699339514,"message":"Compiling wavesettransformer-fortrevorwishart-test","dataKind":"compile-task","data":{"target":{"uri":"file:/Users/bkudler/code-projects/waveset-holder/WavesetTransformer-ForTrevorWishart/#wavesettransformer-fortrevorwishart/Test"}}})[0m
[0m[[0m[0mdebug[0m] [0m[0mjsonRpcNotify: JsonRpcNotificationMessage(2.0, build/taskFinish, {"taskId":{"id":"34","parents":[]},"eventTime":1705699339520,"message":"Compiled wavesettransformer-fortrevorwishart-test","status":1,"dataKind":"compile-report","data":{"target":{"uri":"file:/Users/bkudler/code-projects/waveset-holder/WavesetTransformer-ForTrevorWishart/#wavesettransformer-fortrevorwishart/Test"},"errors":0,"warnings":0,"time":6}})[0m
[0m[[0m[32msuccess[0m] [0m[0mTotal time: 0 s, completed Jan 19, 2024, 4:22:19 PM[0m
[0m[[0m[0mdebug[0m] [0m[0munmatched Done event for requestId None: None[0m
[0m[[0m[0mdebug[0m] [0m[0m> Exec(collectAnalyses, None, Some(CommandSource(network-1)))[0m
[0m[[0m[0mdebug[0m] [0m[0munmatched Processing event for requestId None: None[0m
[0m[[0m[0mdebug[0m] [0m[0mEvaluating tasks: Compile / collectAnalyses[0m
[0m[[0m[0mdebug[0m] [0m[0mRunning task... Cancel: Signal, check cycles: false, forcegc: true[0m
[0m[[0m[0mdebug[0m] [0m[0manalysis location (/Users/bkudler/code-projects/waveset-holder/WavesetTransformer-ForTrevorWishart/target/scala-2.12/zinc/inc_compile_2.12.zip,true)[0m
[0m[[0m[32msuccess[0m] [0m[0mTotal time: 0 s, completed Jan 19, 2024, 4:22:19 PM[0m
[0m[[0m[0mdebug[0m] [0m[0munmatched Done event for requestId None: None[0m
[0m[[0m[0mdebug[0m] [0m[0m> Exec(shell, None, None)[0m
[0m[[0m[0mdebug[0m] [0m[0mlsp-definition json request: {"textDocument":{"uri":"file:///Users/bkudler/code-projects/waveset-holder/WavesetTransformer-ForTrevorWishart/Classes/WavesetTransformer.sc"},"position":{"line":186,"character":29}}[0m
[0m[[0m[0mdebug[0m] [0m[0mlsp-definition found line: 				badStocks: Signal.sineFill(512, Array.fill(512, {arg i; i = i + 1; (i*0.5) + rrand(i, i + 2)/i})),[0m
[0m[[0m[0mdebug[0m] [0m[0msymbol sineFill[0m
[0m[[0m[0mdebug[0m] [0m[0mlsp-definition locations Vector()[0m
[0m[[0m[0mdebug[0m] [0m[0mlsp-definition json request: {"textDocument":{"uri":"file:///Users/bkudler/code-projects/waveset-holder/WavesetTransformer-ForTrevorWishart/Classes/WavesetTransformer.sc"},"position":{"line":808,"character":17}}[0m
[0m[[0m[0mdebug[0m] [0m[0mlsp-definition found line: 							harmEvents.do({arg harm;[0m
[0m[[0m[0mdebug[0m] [0m[0msymbol harmEvents[0m
[0m[[0m[0mdebug[0m] [0m[0mlsp-definition locations Vector()[0m
[0m[[0m[0mdebug[0m] [0m[0mForcing garbage collection...[0m
[0m[[0m[0mdebug[0m] [0m[0mlsp-definition json request: {"textDocument":{"uri":"file:///Users/bkudler/code-projects/waveset-holder/WavesetTransformer-ForTrevorWishart/Classes/WavesetTransformer.sc"},"position":{"line":5,"character":276}}[0m
[0m[[0m[0mdebug[0m] [0m[0mlsp-definition found line: 	var <>startModFreq, <>startAmt, <>speed2, <>distance, <>speedChangeModulo, <>plusAmount, <>speedMod, <>speedSwapModulo, <>longSwapAmt, <>longSwapNormLevel, <>longSwapNormAmt, <>longSwapLevel, <>longSwapAmt, <>longSwapLevel, <>longSwapNormAmt, <>longSwapNormLevel, <>multiLongSwapAmt, <>multiLongSwapLevel, <>multiLongSwapNormAmt, <>multiLongSwapNormLevel, <>repeatSwapAmt, <>repeatSwapLevel, <>repeatSwapNormAmt,  <>repeatSwapNormLevel;[0m
